[debug] [2024-06-08T11:44:21.110Z] ----------------------------------------------------------------------
[debug] [2024-06-08T11:44:21.112Z] Command:       C:\Program Files\nodejs\node.exe C:\Program Files\nodejs\node_modules\firebase-tools\lib\bin\firebase.js deploy -m fix bugs. adding daily word --only hosting
[debug] [2024-06-08T11:44:21.113Z] CLI Version:   13.7.5
[debug] [2024-06-08T11:44:21.113Z] Platform:      win32
[debug] [2024-06-08T11:44:21.113Z] Node Version:  v18.20.2
[debug] [2024-06-08T11:44:21.122Z] Time:          Sat Jun 08 2024 14:44:21 GMT+0300 (שעון ישראל (קיץ))
[debug] [2024-06-08T11:44:21.123Z] ----------------------------------------------------------------------
[debug] 
[debug] [2024-06-08T11:44:21.249Z] > command requires scopes: ["email","openid","https://www.googleapis.com/auth/cloudplatformprojects.readonly","https://www.googleapis.com/auth/firebase","https://www.googleapis.com/auth/cloud-platform"]
[debug] [2024-06-08T11:44:21.250Z] > authorizing via signed-in user (idanco77@gmail.com)
[debug] [2024-06-08T11:44:21.250Z] [iam] checking project wordle-israel for permissions ["firebase.projects.get","firebasehosting.sites.update"]
[debug] [2024-06-08T11:44:21.253Z] > refreshing access token with scopes: []
[debug] [2024-06-08T11:44:21.255Z] >>> [apiv2][query] POST https://www.googleapis.com/oauth2/v3/token [none]
[debug] [2024-06-08T11:44:21.256Z] >>> [apiv2][body] POST https://www.googleapis.com/oauth2/v3/token [omitted]
[debug] [2024-06-08T11:44:21.595Z] <<< [apiv2][status] POST https://www.googleapis.com/oauth2/v3/token 200
[debug] [2024-06-08T11:44:21.596Z] <<< [apiv2][body] POST https://www.googleapis.com/oauth2/v3/token [omitted]
[debug] [2024-06-08T11:44:21.621Z] >>> [apiv2][query] POST https://cloudresourcemanager.googleapis.com/v1/projects/wordle-israel:testIamPermissions [none]
[debug] [2024-06-08T11:44:21.621Z] >>> [apiv2][(partial)header] POST https://cloudresourcemanager.googleapis.com/v1/projects/wordle-israel:testIamPermissions x-goog-quota-user=projects/wordle-israel
[debug] [2024-06-08T11:44:21.621Z] >>> [apiv2][body] POST https://cloudresourcemanager.googleapis.com/v1/projects/wordle-israel:testIamPermissions {"permissions":["firebase.projects.get","firebasehosting.sites.update"]}
[debug] [2024-06-08T11:44:22.731Z] <<< [apiv2][status] POST https://cloudresourcemanager.googleapis.com/v1/projects/wordle-israel:testIamPermissions 200
[debug] [2024-06-08T11:44:22.732Z] <<< [apiv2][body] POST https://cloudresourcemanager.googleapis.com/v1/projects/wordle-israel:testIamPermissions {"permissions":["firebase.projects.get","firebasehosting.sites.update"]}
[debug] [2024-06-08T11:44:22.733Z] >>> [apiv2][query] GET https://firebase.googleapis.com/v1beta1/projects/wordle-israel [none]
[debug] [2024-06-08T11:44:23.142Z] <<< [apiv2][status] GET https://firebase.googleapis.com/v1beta1/projects/wordle-israel 200
[debug] [2024-06-08T11:44:23.142Z] <<< [apiv2][body] GET https://firebase.googleapis.com/v1beta1/projects/wordle-israel {"projectId":"wordle-israel","projectNumber":"51579301787","displayName":"wordle-israel","name":"projects/wordle-israel","resources":{"hostingSite":"wordle-israel"},"state":"ACTIVE","etag":"1_2f468934-5cff-4030-895d-ba90a22761b7"}
[debug] [2024-06-08T11:44:40.046Z] SyntaxError: Unexpected end of JSON input
    at JSON.parse (<anonymous>)
    at findDependency (C:\Users\Idan\AppData\Roaming\nvm\v18.20.2\node_modules\firebase-tools\lib\frameworks\utils.js:188:23)
    at prepareFrameworks (C:\Users\Idan\AppData\Roaming\nvm\v18.20.2\node_modules\firebase-tools\lib\frameworks\index.js:125:64)
    at deploy (C:\Users\Idan\AppData\Roaming\nvm\v18.20.2\node_modules\firebase-tools\lib\deploy\index.js:55:54)
    at Command.actionFn (C:\Users\Idan\AppData\Roaming\nvm\v18.20.2\node_modules\firebase-tools\lib\commands\deploy.js:100:32)
    at C:\Users\Idan\AppData\Roaming\nvm\v18.20.2\node_modules\firebase-tools\lib\command.js:228:25
    at process.processTicksAndRejections (node:internal/process/task_queues:95:5)
[error] 
[error] Error: An unexpected error has occurred.
